2015-08-26 04:10:51 [Method] : Connect
2015-08-26 04:10:51 [Exception] : CommunicationException
2015-08-26 04:10:58 [Method] : StopLiveView
2015-08-26 04:10:59 [Method] : StopLiveView
2015-08-26 04:11:01 [Method] : StopLiveView
2015-08-26 04:11:02 [Method] : StopLiveView
2015-08-26 04:11:04 [Method] : StopLiveView
2015-08-26 04:11:06 [Method] : StopLiveView
2015-08-26 04:11:11 [Method] : LON
2015-08-26 04:11:11 [Message] :   CMD[LON<0D>]
2015-08-26 04:11:11 [Exception] : NotConnectedException
2015-08-26 04:11:14 [Method] : StartLiveView
2015-08-26 04:11:18 [Method] : StartLiveView
2015-08-26 04:11:20 [Method] : Connect
2015-08-26 04:11:20 [Exception] : CommunicationException
2015-08-26 04:11:22 [Method] : StopLiveView
2015-08-26 04:11:23 [Method] : StopLiveView
2015-08-26 04:11:24 [Method] : StopLiveView
2015-08-26 04:11:25 [Method] : StopLiveView
2015-08-26 04:11:28 [Method] : StopLiveView
2015-08-26 04:11:32 [Method] : Connect
2015-08-26 04:11:32 [Exception] : InvalidPropertyException
2015-08-26 04:11:36 [Method] : StopLiveView
2015-08-26 04:11:38 [Method] : StopLiveView
2015-08-26 04:11:40 [Method] : StopLiveView
2015-08-26 04:11:41 [Method] : StopLiveView
2015-08-26 04:11:43 [Method] : StopLiveView
2015-08-26 04:11:44 [Method] : StopLiveView
2015-08-26 04:11:45 [Method] : StopLiveView
2015-08-26 23:52:00 [Method] : StartLiveView
